Build started 2/21/2012 9:25:05 PM.
     1>Project "O:\cis115\week 7\week 7\week 7.vcxproj" on node 2 (build target(s)).
     1>InitializeBuildStatus:
         Creating "Debug\week 7.unsuccessfulbuild" because "AlwaysCreate" was specified.
       ClCompile:
         D:\programs\Visual Studio 2010\VC\bin\CL.exe /c /ZI /nologo /W3 /WX- /Od /Oy- /D _MBCS /Gm /EHsc /RTC1 /MDd /GS /fp:precise /Zc:wchar_t /Zc:forScope /Fo"Debug\\" /Fd"Debug\vc100.pdb" /Gd /TP /analyze- /errorReport:prompt program_2.cpp
         program_2.cpp
       Link:
         D:\programs\Visual Studio 2010\VC\bin\link.exe /ERRORREPORT:PROMPT /OUT:"O:\cis115\week 7\Debug\week 7.exe" /NOLOGO kernel32.lib user32.lib gdi32.lib winspool.lib comdlg32.lib advapi32.lib shell32.lib ole32.lib oleaut32.lib uuid.lib odbc32.lib odbccp32.lib /MANIFEST /ManifestFile:"Debug\week 7.exe.intermediate.manifest" /MANIFESTUAC:"level='asInvoker' uiAccess='false'" /DEBUG /PDB:"O:\cis115\week 7\Debug\week 7.pdb" /TLBID:1 /DYNAMICBASE /NXCOMPAT /IMPLIB:"O:\cis115\week 7\Debug\week 7.lib" /MACHINE:X86 Debug\program_1.obj
         Debug\program_2.obj
         LINK : O:\cis115\week 7\Debug\week 7.exe not found or not built by the last incremental link; performing full link
         week 7.vcxproj -> O:\cis115\week 7\Debug\week 7.exe
       Manifest:
         C:\Program Files (x86)\Microsoft SDKs\Windows\v7.0A\bin\mt.exe /nologo /verbose /outputresource:"O:\cis115\week 7\Debug\week 7.exe;#1" /manifest "Debug\week 7.exe.intermediate.manifest"
       FinalizeBuildStatus:
         Deleting file "Debug\week 7.unsuccessfulbuild".
         Touching "Debug\week 7.lastbuildstate".
     1>Done Building Project "O:\cis115\week 7\week 7\week 7.vcxproj" (build target(s)).

Build succeeded.

Time Elapsed 00:00:02.12
