Build started 2/27/2012 4:26:41 PM.
     1>Project "O:\cis115\week 8\week 8\week 8\week 8.vcxproj" on node 2 (build target(s)).
     1>InitializeBuildStatus:
         Creating "Debug\week 8.unsuccessfulbuild" because "AlwaysCreate" was specified.
       ClCompile:
         d:\programs\Visual Studio 2010\VC\bin\CL.exe /c /ZI /nologo /W3 /WX- /Od /Oy- /D _MBCS /Gm /EHsc /RTC1 /MDd /GS /fp:precise /Zc:wchar_t /Zc:forScope /Fo"Debug\\" /Fd"Debug\vc100.pdb" /Gd /TP /analyze- /errorReport:prompt program_4.cpp
         program_4.cpp
     1>o:\cis115\week 8\week 8\week 8\program_4.cpp(39): warning C4244: '=' : conversion from 'double' to 'float', possible loss of data
       Link:
         d:\programs\Visual Studio 2010\VC\bin\link.exe /ERRORREPORT:PROMPT /OUT:"O:\cis115\week 8\week 8\Debug\week 8.exe" /NOLOGO kernel32.lib user32.lib gdi32.lib winspool.lib comdlg32.lib advapi32.lib shell32.lib ole32.lib oleaut32.lib uuid.lib odbc32.lib odbccp32.lib /MANIFEST /ManifestFile:"Debug\week 8.exe.intermediate.manifest" /MANIFESTUAC:"level='asInvoker' uiAccess='false'" /DEBUG /PDB:"O:\cis115\week 8\week 8\Debug\week 8.pdb" /TLBID:1 /DYNAMICBASE /NXCOMPAT /IMPLIB:"O:\cis115\week 8\week 8\Debug\week 8.lib" /MACHINE:X86 Debug\program_1.obj
         Debug\program_2.obj
         Debug\program_3.obj
         Debug\program_4.obj
         LINK : O:\cis115\week 8\week 8\Debug\week 8.exe not found or not built by the last incremental link; performing full link
         week 8.vcxproj -> O:\cis115\week 8\week 8\Debug\week 8.exe
       Manifest:
         C:\Program Files (x86)\Microsoft SDKs\Windows\v7.0A\bin\mt.exe /nologo /verbose /outputresource:"O:\cis115\week 8\week 8\Debug\week 8.exe;#1" /manifest "Debug\week 8.exe.intermediate.manifest"
       FinalizeBuildStatus:
         Deleting file "Debug\week 8.unsuccessfulbuild".
         Touching "Debug\week 8.lastbuildstate".
     1>Done Building Project "O:\cis115\week 8\week 8\week 8\week 8.vcxproj" (build target(s)).

Build succeeded.

Time Elapsed 00:00:01.65
